Using pre-set license
Built from '2022.3/staging' branch; Version is '2022.3.1f1 (f18e0c1b5784) revision 15830540'; Using compiler version '192829333'; Build Type 'Release'
OS: 'Windows 11  (10.0.22621) 64bit Core' Language: 'zh' Physical Memory: 16268 MB
BatchMode: 1, IsHumanControllingUs: 0, StartBugReporterOnCrash: 0, Is64bit: 1, IsPro: 1

COMMAND LINE ARGUMENTS:
C:\Users\tianl\Downloads\Unity\UnityEditor\2022.3.1f1\Editor\Unity.exe
-adb2
-batchMode
-noUpm
-name
AssetImportWorker2
-projectPath
C:/Users/tianl/Downloads/workspace/gamjam2024/UDEMYGameTutorial
-logFile
Logs/AssetImportWorker2.log
-srvPort
50111
Successfully changed project path to: C:/Users/tianl/Downloads/workspace/gamjam2024/UDEMYGameTutorial
C:/Users/tianl/Downloads/workspace/gamjam2024/UDEMYGameTutorial
[UnityMemory] Configuration Parameters - Can be set up in boot.config
    "memorysetup-bucket-allocator-granularity=16"
    "memorysetup-bucket-allocator-bucket-count=8"
    "memorysetup-bucket-allocator-block-size=33554432"
    "memorysetup-bucket-allocator-block-count=8"
    "memorysetup-main-allocator-block-size=16777216"
    "memorysetup-thread-allocator-block-size=16777216"
    "memorysetup-gfx-main-allocator-block-size=16777216"
    "memorysetup-gfx-thread-allocator-block-size=16777216"
    "memorysetup-cache-allocator-block-size=4194304"
    "memorysetup-typetree-allocator-block-size=2097152"
    "memorysetup-profiler-bucket-allocator-granularity=16"
    "memorysetup-profiler-bucket-allocator-bucket-count=8"
    "memorysetup-profiler-bucket-allocator-block-size=33554432"
    "memorysetup-profiler-bucket-allocator-block-count=8"
    "memorysetup-profiler-allocator-block-size=16777216"
    "memorysetup-profiler-editor-allocator-block-size=1048576"
    "memorysetup-temp-allocator-size-main=16777216"
    "memorysetup-job-temp-allocator-block-size=2097152"
    "memorysetup-job-temp-allocator-block-size-background=1048576"
    "memorysetup-job-temp-allocator-reduction-small-platforms=262144"
    "memorysetup-allocator-temp-initial-block-size-main=262144"
    "memorysetup-allocator-temp-initial-block-size-worker=262144"
    "memorysetup-temp-allocator-size-background-worker=32768"
    "memorysetup-temp-allocator-size-job-worker=262144"
    "memorysetup-temp-allocator-size-preload-manager=33554432"
    "memorysetup-temp-allocator-size-nav-mesh-worker=65536"
    "memorysetup-temp-allocator-size-audio-worker=65536"
    "memorysetup-temp-allocator-size-cloud-worker=32768"
    "memorysetup-temp-allocator-size-gi-baking-worker=262144"
    "memorysetup-temp-allocator-size-gfx=262144"
Player connection [33036] Host "[IP] 192.168.4.23 [Port] 0 [Flags] 2 [Guid] 2168964357 [EditorId] 2168964357 [Version] 1048832 [Id] WindowsEditor(7,BLD) [Debug] 1 [PackageName] WindowsEditor [ProjectName] Editor" joined multi-casting on [225.0.0.222:54997]...

Player connection [33036] Host "[IP] 192.168.4.23 [Port] 0 [Flags] 2 [Guid] 2168964357 [EditorId] 2168964357 [Version] 1048832 [Id] WindowsEditor(7,BLD) [Debug] 1 [PackageName] WindowsEditor [ProjectName] Editor" joined alternative multi-casting on [225.0.0.222:34997]...

Default GameObject Tag: point already registered
Default GameObject Tag: boss already registered
Default GameObject BitMask: boss already registered
Refreshing native plugins compatible for Editor in 13.16 ms, found 2 plugins.
Preloading 0 native plugins for Editor in 0.00 ms.
Initialize engine version: 2022.3.1f1 (f18e0c1b5784)
[Subsystems] Discovering subsystems at path C:/Users/tianl/Downloads/Unity/UnityEditor/2022.3.1f1/Editor/Data/Resources/UnitySubsystems
[Subsystems] Discovering subsystems at path C:/Users/tianl/Downloads/workspace/gamjam2024/UDEMYGameTutorial/Assets
GfxDevice: creating device client; threaded=0; jobified=0
Direct3D:
    Version:  Direct3D 11.0 [level 11.1]
    Renderer: NVIDIA GeForce RTX 3070 Ti (ID=0x2482)
    Vendor:   NVIDIA
    VRAM:     8031 MB
    Driver:   31.0.15.3713
Initialize mono
Mono path[0] = 'C:/Users/tianl/Downloads/Unity/UnityEditor/2022.3.1f1/Editor/Data/Managed'
Mono path[1] = 'C:/Users/tianl/Downloads/Unity/UnityEditor/2022.3.1f1/Editor/Data/MonoBleedingEdge/lib/mono/unityjit-win32'
Mono config path = 'C:/Users/tianl/Downloads/Unity/UnityEditor/2022.3.1f1/Editor/Data/MonoBleedingEdge/etc'
Using monoOptions --debugger-agent=transport=dt_socket,embedding=1,server=y,suspend=n,address=127.0.0.1:56368
Begin MonoManager ReloadAssembly
Registering precompiled unity dll's ...
Register platform support module: C:/Users/tianl/Downloads/Unity/UnityEditor/2022.3.1f1/Editor/Data/PlaybackEngines/WindowsStandaloneSupport/UnityEditor.WindowsStandalone.Extensions.dll
Registered in 0.005488 seconds.
- Loaded All Assemblies, in  0.245 seconds
Native extension for WindowsStandalone target not found
Mono: successfully reloaded assembly
- Finished resetting the current domain, in  0.197 seconds
Domain Reload Profiling: 440ms
	BeginReloadAssembly (70ms)
		ExecutionOrderSort (0ms)
		DisableScriptedObjects (0ms)
		BackupInstance (0ms)
		ReleaseScriptingObjects (0ms)
		CreateAndSetChildDomain (1ms)
	RebuildCommonClasses (24ms)
	RebuildNativeTypeToScriptingClass (7ms)
	initialDomainReloadingComplete (44ms)
	LoadAllAssembliesAndSetupDomain (98ms)
		LoadAssemblies (68ms)
		RebuildTransferFunctionScriptingTraits (0ms)
		AnalyzeDomain (93ms)
			TypeCache.Refresh (93ms)
				TypeCache.ScanAssembly (84ms)
			ScanForSourceGeneratedMonoScriptInfo (0ms)
			ResolveRequiredComponents (0ms)
	FinalizeReload (197ms)
		ReleaseScriptCaches (0ms)
		RebuildScriptCaches (0ms)
		SetupLoadedEditorAssemblies (153ms)
			LogAssemblyErrors (0ms)
			InitializePlatformSupportModulesInManaged (8ms)
			SetLoadedEditorAssemblies (6ms)
			RefreshPlugins (0ms)
			BeforeProcessingInitializeOnLoad (2ms)
			ProcessInitializeOnLoadAttributes (101ms)
			ProcessInitializeOnLoadMethodAttributes (36ms)
			AfterProcessingInitializeOnLoad (0ms)
			EditorAssembliesLoaded (0ms)
		ExecutionOrderSort2 (0ms)
		AwakeInstancesAfterBackupRestoration (0ms)
========================================================================
Worker process is ready to serve import requests
Begin MonoManager ReloadAssembly
Symbol file LoadedFromMemory is not a mono symbol file
- Loaded All Assemblies, in  0.531 seconds
Refreshing native plugins compatible for Editor in 6.69 ms, found 2 plugins.
Native extension for WindowsStandalone target not found
Mono: successfully reloaded assembly
- Finished resetting the current domain, in  0.458 seconds
Domain Reload Profiling: 986ms
	BeginReloadAssembly (101ms)
		ExecutionOrderSort (0ms)
		DisableScriptedObjects (4ms)
		BackupInstance (0ms)
		ReleaseScriptingObjects (0ms)
		CreateAndSetChildDomain (19ms)
	RebuildCommonClasses (23ms)
	RebuildNativeTypeToScriptingClass (7ms)
	initialDomainReloadingComplete (31ms)
	LoadAllAssembliesAndSetupDomain (366ms)
		LoadAssemblies (241ms)
		RebuildTransferFunctionScriptingTraits (0ms)
		AnalyzeDomain (169ms)
			TypeCache.Refresh (153ms)
				TypeCache.ScanAssembly (143ms)
			ScanForSourceGeneratedMonoScriptInfo (13ms)
			ResolveRequiredComponents (2ms)
	FinalizeReload (458ms)
		ReleaseScriptCaches (0ms)
		RebuildScriptCaches (0ms)
		SetupLoadedEditorAssemblies (352ms)
			LogAssemblyErrors (0ms)
			InitializePlatformSupportModulesInManaged (5ms)
			SetLoadedEditorAssemblies (3ms)
			RefreshPlugins (0ms)
			BeforeProcessingInitializeOnLoad (63ms)
			ProcessInitializeOnLoadAttributes (174ms)
			ProcessInitializeOnLoadMethodAttributes (100ms)
			AfterProcessingInitializeOnLoad (7ms)
			EditorAssembliesLoaded (0ms)
		ExecutionOrderSort2 (0ms)
		AwakeInstancesAfterBackupRestoration (6ms)
Default GameObject Tag: point already registered
Default GameObject Tag: boss already registered
Default GameObject BitMask: boss already registered
Launched and connected shader compiler UnityShaderCompiler.exe after 0.04 seconds
Refreshing native plugins compatible for Editor in 6.02 ms, found 2 plugins.
Preloading 0 native plugins for Editor in 0.00 ms.
Unloading 2560 Unused Serialized files (Serialized files now loaded: 0)
Unloading 65 unused Assets / (357.6 KB). Loaded Objects now: 3003.
Memory consumption went from 117.0 MB to 116.7 MB.
Total: 5.373400 ms (FindLiveObjects: 0.220900 ms CreateObjectMapping: 0.072900 ms MarkObjects: 4.921000 ms  DeleteObjects: 0.158000 ms)

AssetImportParameters requested are different than current active one (requested -> active):
  custom:video-decoder-webm-vp8: 9c59270c3fd7afecdb556c50c9e8de78 -> 
  custom:container-demuxer-ogg: 62fdf1f143b41e24485cea50d1cbac27 -> 
  custom:AudioImporter_EditorPlatform: d09bf68614088b80899f8185d706f6e7 -> 
  custom:video-decoder-ogg-theora: a1e56fd34408186e4bbccfd4996cb3dc -> 
  custom:framework-win-MediaFoundation: 216162199b28c13a410421893ffa2e32 -> 
  custom:video-encoder-webm-vp8: eb34c28f22e8b96e1ab97ce403110664 -> 
  custom:audio-decoder-ogg-vorbis: bf7c407c2cedff20999df2af8eb42d56 -> 
  custom:container-demuxer-webm: 4f35f7cbe854078d1ac9338744f61a02 -> 
  custom:audio-encoder-webm-vorbis: bf7c407c2cedff20999df2af8eb42d56 -> 
  custom:container-muxer-webm: aa71ff27fc2769a1b78a27578f13a17b -> 
========================================================================
Received Import Request.
  Time since last request: 4706.699904 seconds.
  path: Assets/Prefabs/weapons/Throwing Mouse.prefab
  artifactKey: Guid(61aef862e61dc435a9eb977574839856) Importer(815301076,1909f56bfc062723c751e8b465ee728b)
Start importing Assets/Prefabs/weapons/Throwing Mouse.prefab using Guid(61aef862e61dc435a9eb977574839856) Importer(815301076,1909f56bfc062723c751e8b465ee728b)  -> (artifact id: 'd349224712671282e8405da890000ccf') in 0.025950 seconds
Number of updated asset objects reloaded before import = 0
Number of asset objects unloaded after import = 16
========================================================================
Received Import Request.
  Time since last request: 2.943037 seconds.
  path: Assets/Sprites/Character/_pick up.png
  artifactKey: Guid(18af26b0f71c241b3a7d54eae605d9eb) Importer(815301076,1909f56bfc062723c751e8b465ee728b)
Start importing Assets/Sprites/Character/_pick up.png using Guid(18af26b0f71c241b3a7d54eae605d9eb) Importer(815301076,1909f56bfc062723c751e8b465ee728b)  -> (artifact id: '84e7d7c2b1cb8f86fb434262014822b2') in 0.110444 seconds
Number of updated asset objects reloaded before import = 0
Number of asset objects unloaded after import = 7
========================================================================
Received Import Request.
  Time since last request: 235.012446 seconds.
  path: Assets/Sprites/UI_Flat_Frame_01_Standard.png
  artifactKey: Guid(d697234bbcc196f4295d90de8b3008fc) Importer(815301076,1909f56bfc062723c751e8b465ee728b)
Start importing Assets/Sprites/UI_Flat_Frame_01_Standard.png using Guid(d697234bbcc196f4295d90de8b3008fc) Importer(815301076,1909f56bfc062723c751e8b465ee728b)  -> (artifact id: '278ae975949af9d43c6eb18e317600b9') in 0.017208 seconds
Number of updated asset objects reloaded before import = 0
Number of asset objects unloaded after import = 3
========================================================================
Received Import Request.
  Time since last request: 60.015393 seconds.
  path: Assets/Sprites/UI_Flat_Select_02a3.png
  artifactKey: Guid(6ecc867a8bdd9d743908a2b960f3fff4) Importer(815301076,1909f56bfc062723c751e8b465ee728b)
Start importing Assets/Sprites/UI_Flat_Select_02a3.png using Guid(6ecc867a8bdd9d743908a2b960f3fff4) Importer(815301076,1909f56bfc062723c751e8b465ee728b)  -> (artifact id: 'cd93d3d814a1b2318b00b63883a8028d') in 0.013496 seconds
Number of updated asset objects reloaded before import = 0
Number of asset objects unloaded after import = 3
========================================================================
Received Prepare
Default GameObject Tag: point already registered
Default GameObject Tag: boss already registered
Default GameObject BitMask: boss already registered
Begin MonoManager ReloadAssembly
Symbol file LoadedFromMemory is not a mono symbol file
- Loaded All Assemblies, in  0.502 seconds
Refreshing native plugins compatible for Editor in 6.13 ms, found 2 plugins.
Native extension for WindowsStandalone target not found
Mono: successfully reloaded assembly
- Finished resetting the current domain, in  0.673 seconds
Domain Reload Profiling: 1172ms
	BeginReloadAssembly (123ms)
		ExecutionOrderSort (0ms)
		DisableScriptedObjects (5ms)
		BackupInstance (0ms)
		ReleaseScriptingObjects (0ms)
		CreateAndSetChildDomain (37ms)
	RebuildCommonClasses (23ms)
	RebuildNativeTypeToScriptingClass (7ms)
	initialDomainReloadingComplete (23ms)
	LoadAllAssembliesAndSetupDomain (322ms)
		LoadAssemblies (224ms)
		RebuildTransferFunctionScriptingTraits (0ms)
		AnalyzeDomain (148ms)
			TypeCache.Refresh (145ms)
				TypeCache.ScanAssembly (135ms)
			ScanForSourceGeneratedMonoScriptInfo (0ms)
			ResolveRequiredComponents (3ms)
	FinalizeReload (673ms)
		ReleaseScriptCaches (0ms)
		RebuildScriptCaches (0ms)
		SetupLoadedEditorAssemblies (387ms)
			LogAssemblyErrors (0ms)
			InitializePlatformSupportModulesInManaged (5ms)
			SetLoadedEditorAssemblies (3ms)
			RefreshPlugins (0ms)
			BeforeProcessingInitializeOnLoad (65ms)
			ProcessInitializeOnLoadAttributes (176ms)
			ProcessInitializeOnLoadMethodAttributes (131ms)
			AfterProcessingInitializeOnLoad (7ms)
			EditorAssembliesLoaded (0ms)
		ExecutionOrderSort2 (0ms)
		AwakeInstancesAfterBackupRestoration (7ms)
Refreshing native plugins compatible for Editor in 8.40 ms, found 2 plugins.
Preloading 0 native plugins for Editor in 0.00 ms.
Unloading 2519 Unused Serialized files (Serialized files now loaded: 0)
Unloading 53 unused Assets / (329.7 KB). Loaded Objects now: 3016.
Memory consumption went from 112.4 MB to 112.0 MB.
Total: 5.306600 ms (FindLiveObjects: 0.192800 ms CreateObjectMapping: 0.098000 ms MarkObjects: 4.882500 ms  DeleteObjects: 0.132100 ms)

Prepare: number of updated asset objects reloaded= 0
AssetImportParameters requested are different than current active one (requested -> active):
  custom:video-decoder-webm-vp8: 9c59270c3fd7afecdb556c50c9e8de78 -> 
  custom:container-demuxer-ogg: 62fdf1f143b41e24485cea50d1cbac27 -> 
  custom:AudioImporter_EditorPlatform: d09bf68614088b80899f8185d706f6e7 -> 
  custom:video-decoder-ogg-theora: a1e56fd34408186e4bbccfd4996cb3dc -> 
  custom:framework-win-MediaFoundation: 216162199b28c13a410421893ffa2e32 -> 
  custom:video-encoder-webm-vp8: eb34c28f22e8b96e1ab97ce403110664 -> 
  custom:audio-decoder-ogg-vorbis: bf7c407c2cedff20999df2af8eb42d56 -> 
  custom:container-demuxer-webm: 4f35f7cbe854078d1ac9338744f61a02 -> 
  custom:audio-encoder-webm-vorbis: bf7c407c2cedff20999df2af8eb42d56 -> 
  custom:container-muxer-webm: aa71ff27fc2769a1b78a27578f13a17b -> 
========================================================================
Received Import Request.
  Time since last request: 627.357166 seconds.
  path: Assets/Sprites
  artifactKey: Guid(83c1a5d94ad4e2742aa22e7f8675b293) Importer(815301076,1909f56bfc062723c751e8b465ee728b)
Start importing Assets/Sprites using Guid(83c1a5d94ad4e2742aa22e7f8675b293) Importer(815301076,1909f56bfc062723c751e8b465ee728b)  -> (artifact id: 'c008b636e581f8e2c1893fecd3240bf1') in 0.002925 seconds
Number of updated asset objects reloaded before import = 0
Number of asset objects unloaded after import = 0
========================================================================
Received Import Request.
  Time since last request: 14.147581 seconds.
  path: Assets/Sprites/Fonts
  artifactKey: Guid(49a3ca1b38af25e4588761db25508603) Importer(815301076,1909f56bfc062723c751e8b465ee728b)
Start importing Assets/Sprites/Fonts using Guid(49a3ca1b38af25e4588761db25508603) Importer(815301076,1909f56bfc062723c751e8b465ee728b)  -> (artifact id: '6a8775609afdda889075d141f2dc052f') in 0.000414 seconds
Number of updated asset objects reloaded before import = 0
Number of asset objects unloaded after import = 0
========================================================================
Received Import Request.
  Time since last request: 5.688879 seconds.
  path: Assets/Sprites/Fonts/VCR_OSD_MONO_1.001.ttf
  artifactKey: Guid(0f9dce0479e1c5143b76b3691d90c00e) Importer(815301076,1909f56bfc062723c751e8b465ee728b)
Start importing Assets/Sprites/Fonts/VCR_OSD_MONO_1.001.ttf using Guid(0f9dce0479e1c5143b76b3691d90c00e) Importer(815301076,1909f56bfc062723c751e8b465ee728b)  -> (artifact id: '4f35654300543812b9c20f0a3667df6d') in 0.067667 seconds
Number of updated asset objects reloaded before import = 0
Number of asset objects unloaded after import = 4
========================================================================
Received Import Request.
  Time since last request: 52.546862 seconds.
  path: Assets/Sprites/Fonts/VCR_OSD_MONO_1.asset
  artifactKey: Guid(fa63b9a375d37714db76ec1695d14e51) Importer(815301076,1909f56bfc062723c751e8b465ee728b)
Start importing Assets/Sprites/Fonts/VCR_OSD_MONO_1.asset using Guid(fa63b9a375d37714db76ec1695d14e51) Importer(815301076,1909f56bfc062723c751e8b465ee728b)  -> (artifact id: 'c56a10dc95b5a47aca0c85474a6cbef4') in 0.034827 seconds
Number of updated asset objects reloaded before import = 0
Number of asset objects unloaded after import = 6
========================================================================
Received Import Request.
  Time since last request: 31.838414 seconds.
  path: Assets/Sprites/GUI/UI_Flat_Button_Small_Release_01a2.png
  artifactKey: Guid(33b86e22e622e4ef28f3b40789ffa3bc) Importer(815301076,1909f56bfc062723c751e8b465ee728b)
Start importing Assets/Sprites/GUI/UI_Flat_Button_Small_Release_01a2.png using Guid(33b86e22e622e4ef28f3b40789ffa3bc) Importer(815301076,1909f56bfc062723c751e8b465ee728b)  -> (artifact id: 'a082452a8037f047be6c253e424c46fd') in 0.015272 seconds
Number of updated asset objects reloaded before import = 0
Number of asset objects unloaded after import = 3
========================================================================
Received Import Request.
  Time since last request: 0.005431 seconds.
  path: Assets/Sprites/GUI/UI_Flat_Button_Small_Release_01a4.png
  artifactKey: Guid(530871ebc3fdf4c319da568bf7b76254) Importer(815301076,1909f56bfc062723c751e8b465ee728b)
Start importing Assets/Sprites/GUI/UI_Flat_Button_Small_Release_01a4.png using Guid(530871ebc3fdf4c319da568bf7b76254) Importer(815301076,1909f56bfc062723c751e8b465ee728b)  -> (artifact id: 'f896598ad45b5d11d8279befeb3706a8') in 0.011551 seconds
Number of updated asset objects reloaded before import = 0
Number of asset objects unloaded after import = 3
========================================================================
Received Import Request.
  Time since last request: 0.000016 seconds.
  path: Assets/Sprites/GUI/UI_Flat_Button_Small_Release_02a3.png
  artifactKey: Guid(08fcdad57c7f44342817a5411ca44d4e) Importer(815301076,1909f56bfc062723c751e8b465ee728b)
Start importing Assets/Sprites/GUI/UI_Flat_Button_Small_Release_02a3.png using Guid(08fcdad57c7f44342817a5411ca44d4e) Importer(815301076,1909f56bfc062723c751e8b465ee728b)  -> (artifact id: '0eae967044b8b0de605196bde7988910') in 0.011034 seconds
Number of updated asset objects reloaded before import = 0
Number of asset objects unloaded after import = 3
========================================================================
Received Import Request.
  Time since last request: 0.001863 seconds.
  path: Assets/Sprites/GUI/UI_Flat_Checkmark_Medium.png
  artifactKey: Guid(5d7e2c4a4fd1c4ae59a80f2f4f3fe28f) Importer(815301076,1909f56bfc062723c751e8b465ee728b)
Start importing Assets/Sprites/GUI/UI_Flat_Checkmark_Medium.png using Guid(5d7e2c4a4fd1c4ae59a80f2f4f3fe28f) Importer(815301076,1909f56bfc062723c751e8b465ee728b)  -> (artifact id: '1b25bfc92ce5550031daef80b7caa0f5') in 0.012952 seconds
Number of updated asset objects reloaded before import = 0
Number of asset objects unloaded after import = 3
========================================================================
Received Import Request.
  Time since last request: 0.000021 seconds.
  path: Assets/Sprites/GUI/UI_Flat_Cross_Large.png
  artifactKey: Guid(fe356082c7b7940d58a10333e30c2ace) Importer(815301076,1909f56bfc062723c751e8b465ee728b)
Start importing Assets/Sprites/GUI/UI_Flat_Cross_Large.png using Guid(fe356082c7b7940d58a10333e30c2ace) Importer(815301076,1909f56bfc062723c751e8b465ee728b)  -> (artifact id: 'c3b49950767d318e95f5cee7b6c00145') in 0.010073 seconds
Number of updated asset objects reloaded before import = 0
Number of asset objects unloaded after import = 3
========================================================================
Received Import Request.
  Time since last request: 0.000015 seconds.
  path: Assets/Sprites/GUI/UI_Flat_Cross_Medium.png
  artifactKey: Guid(b37be10ee81fd4c64bb19bdc009e1a42) Importer(815301076,1909f56bfc062723c751e8b465ee728b)
Start importing Assets/Sprites/GUI/UI_Flat_Cross_Medium.png using Guid(b37be10ee81fd4c64bb19bdc009e1a42) Importer(815301076,1909f56bfc062723c751e8b465ee728b)  -> (artifact id: '11278bc2f91d29e7451916468e47d77e') in 0.011296 seconds
Number of updated asset objects reloaded before import = 0
Number of asset objects unloaded after import = 3
========================================================================
Received Import Request.
  Time since last request: 0.000015 seconds.
  path: Assets/Sprites/GUI/UI_Flat_Fillbar_01_Block.png
  artifactKey: Guid(e137ddba4e0c04068ab11a35b08326b0) Importer(815301076,1909f56bfc062723c751e8b465ee728b)
Start importing Assets/Sprites/GUI/UI_Flat_Fillbar_01_Block.png using Guid(e137ddba4e0c04068ab11a35b08326b0) Importer(815301076,1909f56bfc062723c751e8b465ee728b)  -> (artifact id: '54b61b27d6db6d6c960616f599559574') in 0.011791 seconds
Number of updated asset objects reloaded before import = 0
Number of asset objects unloaded after import = 3
========================================================================
Received Import Request.
  Time since last request: 0.000016 seconds.
  path: Assets/Sprites/GUI/UI_Flat_Fillbar_01_Flat.png
  artifactKey: Guid(dfe8e0318f91f45b08570033bb4f720b) Importer(815301076,1909f56bfc062723c751e8b465ee728b)
Start importing Assets/Sprites/GUI/UI_Flat_Fillbar_01_Flat.png using Guid(dfe8e0318f91f45b08570033bb4f720b) Importer(815301076,1909f56bfc062723c751e8b465ee728b)  -> (artifact id: '12cf61d7829b07b456f3ee3b52c97235') in 0.011159 seconds
Number of updated asset objects reloaded before import = 0
Number of asset objects unloaded after import = 3
========================================================================
Received Import Request.
  Time since last request: 0.000016 seconds.
  path: Assets/Sprites/GUI/UI_Flat_Fillbar_02_Hollow.png
  artifactKey: Guid(f4ccff15bf9c54534812f1d4743e775f) Importer(815301076,1909f56bfc062723c751e8b465ee728b)
Start importing Assets/Sprites/GUI/UI_Flat_Fillbar_02_Hollow.png using Guid(f4ccff15bf9c54534812f1d4743e775f) Importer(815301076,1909f56bfc062723c751e8b465ee728b)  -> (artifact id: 'fdbadf807653e71d2340be2c8f35310f') in 0.011188 seconds
Number of updated asset objects reloaded before import = 0
Number of asset objects unloaded after import = 3
========================================================================
Received Import Request.
  Time since last request: 0.000019 seconds.
  path: Assets/Sprites/GUI/UI_Flat_Filler_03.png
  artifactKey: Guid(17aaa0d11c0c64bf09948577d34479aa) Importer(815301076,1909f56bfc062723c751e8b465ee728b)
Start importing Assets/Sprites/GUI/UI_Flat_Filler_03.png using Guid(17aaa0d11c0c64bf09948577d34479aa) Importer(815301076,1909f56bfc062723c751e8b465ee728b)  -> (artifact id: 'a52f242e36c2a7b62390f6ad6b619018') in 0.010184 seconds
Number of updated asset objects reloaded before import = 0
Number of asset objects unloaded after import = 3
========================================================================
Received Import Request.
  Time since last request: 0.000012 seconds.
  path: Assets/Sprites/GUI/UI_Flat_Frame_01_Inward.png
  artifactKey: Guid(865dd32c7b8794ab4b98f839c94cbaeb) Importer(815301076,1909f56bfc062723c751e8b465ee728b)
Start importing Assets/Sprites/GUI/UI_Flat_Frame_01_Inward.png using Guid(865dd32c7b8794ab4b98f839c94cbaeb) Importer(815301076,1909f56bfc062723c751e8b465ee728b)  -> (artifact id: 'dcf5cc0942816743ed95067aee6c53a2') in 0.010686 seconds
Number of updated asset objects reloaded before import = 0
Number of asset objects unloaded after import = 3
========================================================================
Received Import Request.
  Time since last request: 0.000011 seconds.
  path: Assets/Sprites/GUI/UI_Flat_Frame_01_Lite.png
  artifactKey: Guid(ad8c2ace2c4ac40a5a31e9b1c160198b) Importer(815301076,1909f56bfc062723c751e8b465ee728b)
Start importing Assets/Sprites/GUI/UI_Flat_Frame_01_Lite.png using Guid(ad8c2ace2c4ac40a5a31e9b1c160198b) Importer(815301076,1909f56bfc062723c751e8b465ee728b)  -> (artifact id: 'b96841083b6c6f9fb34da5079b81d8e7') in 0.009726 seconds
Number of updated asset objects reloaded before import = 0
Number of asset objects unloaded after import = 3
========================================================================
Received Import Request.
  Time since last request: 0.000012 seconds.
  path: Assets/Sprites/GUI/UI_Flat_Frame_02_Inward.png
  artifactKey: Guid(fe97bc9ba20814b62b82ad650613eb90) Importer(815301076,1909f56bfc062723c751e8b465ee728b)
Start importing Assets/Sprites/GUI/UI_Flat_Frame_02_Inward.png using Guid(fe97bc9ba20814b62b82ad650613eb90) Importer(815301076,1909f56bfc062723c751e8b465ee728b)  -> (artifact id: 'b6ace48d540ea9250964d99e9dbae811') in 0.010891 seconds
Number of updated asset objects reloaded before import = 0
Number of asset objects unloaded after import = 3
========================================================================
Received Import Request.
  Time since last request: 0.000013 seconds.
  path: Assets/Sprites/GUI/UI_Flat_Scrollbar_02.png
  artifactKey: Guid(5eb0af4433cfd41b2a693c2d995d0ab5) Importer(815301076,1909f56bfc062723c751e8b465ee728b)
Start importing Assets/Sprites/GUI/UI_Flat_Scrollbar_02.png using Guid(5eb0af4433cfd41b2a693c2d995d0ab5) Importer(815301076,1909f56bfc062723c751e8b465ee728b)  -> (artifact id: 'e25f04464ab9a524837b7e5016d5d668') in 0.010583 seconds
Number of updated asset objects reloaded before import = 0
Number of asset objects unloaded after import = 3
========================================================================
Received Import Request.
  Time since last request: 0.000013 seconds.
  path: Assets/Sprites/GUI/UI_Flat_Frame_01_Standard.png
  artifactKey: Guid(dc661f58e7ab24f94816f6887e54b0d9) Importer(815301076,1909f56bfc062723c751e8b465ee728b)
Start importing Assets/Sprites/GUI/UI_Flat_Frame_01_Standard.png using Guid(dc661f58e7ab24f94816f6887e54b0d9) Importer(815301076,1909f56bfc062723c751e8b465ee728b)  -> (artifact id: 'b41e9d2f67afd72b7d82ef168e05ee69') in 0.006744 seconds
Number of updated asset objects reloaded before import = 0
Number of asset objects unloaded after import = 3
========================================================================
Received Import Request.
  Time since last request: 0.000017 seconds.
  path: Assets/Sprites/GUI/UI_Flat_Scrollbar_Handle_02.png
  artifactKey: Guid(594299a6aaddb4dea9309754e134d772) Importer(815301076,1909f56bfc062723c751e8b465ee728b)
Start importing Assets/Sprites/GUI/UI_Flat_Scrollbar_Handle_02.png using Guid(594299a6aaddb4dea9309754e134d772) Importer(815301076,1909f56bfc062723c751e8b465ee728b)  -> (artifact id: 'f24ba00e804fda130cd6d1693a46cffe') in 0.031629 seconds
Number of updated asset objects reloaded before import = 0
Number of asset objects unloaded after import = 3
========================================================================
Received Import Request.
  Time since last request: 0.000014 seconds.
  path: Assets/Sprites/GUI/UI_Flat_Filler_05.png
  artifactKey: Guid(319362b869e3e4c419190d62310f800f) Importer(815301076,1909f56bfc062723c751e8b465ee728b)
Start importing Assets/Sprites/GUI/UI_Flat_Filler_05.png using Guid(319362b869e3e4c419190d62310f800f) Importer(815301076,1909f56bfc062723c751e8b465ee728b)  -> (artifact id: 'd673028a14f7fad2887285f6ed17d4a1') in 0.045832 seconds
Number of updated asset objects reloaded before import = 0
Number of asset objects unloaded after import = 3
========================================================================
Received Import Request.
  Time since last request: 0.000013 seconds.
  path: Assets/Sprites/GUI/UI_Flat_Button_Small_Release_02a2.png
  artifactKey: Guid(d39709d717d614aa8b37dc2ff3350dfd) Importer(815301076,1909f56bfc062723c751e8b465ee728b)
Start importing Assets/Sprites/GUI/UI_Flat_Button_Small_Release_02a2.png using Guid(d39709d717d614aa8b37dc2ff3350dfd) Importer(815301076,1909f56bfc062723c751e8b465ee728b)  -> (artifact id: '75cabff1de81277a0aa7edc97ab1ce8b') in 0.017300 seconds
Number of updated asset objects reloaded before import = 0
Number of asset objects unloaded after import = 3
========================================================================
Received Import Request.
  Time since last request: 0.000014 seconds.
  path: Assets/Sprites/GUI/UI_Flat_Filler_01.png
  artifactKey: Guid(06ddce88d235f40fd9e2fec1b0a77ab5) Importer(815301076,1909f56bfc062723c751e8b465ee728b)
Start importing Assets/Sprites/GUI/UI_Flat_Filler_01.png using Guid(06ddce88d235f40fd9e2fec1b0a77ab5) Importer(815301076,1909f56bfc062723c751e8b465ee728b)  -> (artifact id: '8a6cce00adbafcb5b37e856bfacef9c2') in 0.027522 seconds
Number of updated asset objects reloaded before import = 0
Number of asset objects unloaded after import = 3
========================================================================
Received Import Request.
  Time since last request: 0.000015 seconds.
  path: Assets/Sprites/GUI/UI_Flat_Frame_01_Horizontal.png
  artifactKey: Guid(2acf6e2fd6f43458d882e346e34670c7) Importer(815301076,1909f56bfc062723c751e8b465ee728b)
Start importing Assets/Sprites/GUI/UI_Flat_Frame_01_Horizontal.png using Guid(2acf6e2fd6f43458d882e346e34670c7) Importer(815301076,1909f56bfc062723c751e8b465ee728b)  -> (artifact id: 'd6ef7fb2c8dc6b0b51e3a1b5720f30a4') in 0.010692 seconds
Number of updated asset objects reloaded before import = 0
Number of asset objects unloaded after import = 3
========================================================================
Received Import Request.
  Time since last request: 0.000011 seconds.
  path: Assets/Sprites/GUI/UI_Flat_Frame_02_Standard.png
  artifactKey: Guid(d8b456e1dd32043da93d6ef9b27c29f9) Importer(815301076,1909f56bfc062723c751e8b465ee728b)
Start importing Assets/Sprites/GUI/UI_Flat_Frame_02_Standard.png using Guid(d8b456e1dd32043da93d6ef9b27c29f9) Importer(815301076,1909f56bfc062723c751e8b465ee728b)  -> (artifact id: '44e921bed584b8f85090d0176e7e0d76') in 0.010785 seconds
Number of updated asset objects reloaded before import = 0
Number of asset objects unloaded after import = 3
========================================================================
Received Import Request.
  Time since last request: 0.000020 seconds.
  path: Assets/Sprites/GUI/UI_Flat_Cross_Small.png
  artifactKey: Guid(8cd05655673954b62b894a834f7c51e7) Importer(815301076,1909f56bfc062723c751e8b465ee728b)
Start importing Assets/Sprites/GUI/UI_Flat_Cross_Small.png using Guid(8cd05655673954b62b894a834f7c51e7) Importer(815301076,1909f56bfc062723c751e8b465ee728b)  -> (artifact id: '0d27c6fdba2b06c7f02f89b10c2cc95d') in 0.011645 seconds
Number of updated asset objects reloaded before import = 0
Number of asset objects unloaded after import = 3
========================================================================
Received Import Request.
  Time since last request: 0.000025 seconds.
  path: Assets/Sprites/GUI/UI_Flat_Scrollbar_04.png
  artifactKey: Guid(e69a03b22db844199832a881372bfb57) Importer(815301076,1909f56bfc062723c751e8b465ee728b)
Start importing Assets/Sprites/GUI/UI_Flat_Scrollbar_04.png using Guid(e69a03b22db844199832a881372bfb57) Importer(815301076,1909f56bfc062723c751e8b465ee728b)  -> (artifact id: 'f8866c29c89d1c599936c4032f6d5602') in 0.010869 seconds
Number of updated asset objects reloaded before import = 0
Number of asset objects unloaded after import = 3
Editor requested this worker to shutdown with reason: Scaling down because of idle timeout
TcpMessagingSession - receive error: operation aborted. errorcode: 995, details: 由于线程退出或应用程序请求，已中止 I/O 操作。
AssetImportWorker is now disconnected from the server
Process exiting
Exiting without the bug reporter. Application will terminate with return code 0