Unity Editor version:    2021.3.16f1 (4016570cf34f)
Branch:                  2021.3/evg/staging/82bb020e-b03b1330/draft-0
Build type:              Release
Batch mode:              YES
macOS version:           Version 14.1.2 (Build 23B92)
Darwin version:          23.1.0
Architecture:            arm64
Running under Rosetta:   NO
Available memory:        8192 MB
Using pre-set license
Pro License: YES

COMMAND LINE ARGUMENTS:
/Applications/Unity/Hub/Editor/2021.3.16f1/Unity.app/Contents/MacOS/Unity
-adb2
-batchMode
-noUpm
-name
AssetImportWorker0
-projectPath
/Users/zhezhao/Documents/gamjam2024/UDEMYGameTutorial
-logFile
Logs/AssetImportWorker0.log
-srvPort
58686
Successfully changed project path to: /Users/zhezhao/Documents/gamjam2024/UDEMYGameTutorial
/Users/zhezhao/Documents/gamjam2024/UDEMYGameTutorial
[UnityMemory] Configuration Parameters - Can be set up in boot.config
    "memorysetup-bucket-allocator-granularity=16"
    "memorysetup-bucket-allocator-bucket-count=8"
    "memorysetup-bucket-allocator-block-size=33554432"
    "memorysetup-bucket-allocator-block-count=8"
    "memorysetup-main-allocator-block-size=16777216"
    "memorysetup-thread-allocator-block-size=16777216"
    "memorysetup-gfx-main-allocator-block-size=16777216"
    "memorysetup-gfx-thread-allocator-block-size=16777216"
    "memorysetup-cache-allocator-block-size=4194304"
    "memorysetup-typetree-allocator-block-size=2097152"
    "memorysetup-profiler-bucket-allocator-granularity=16"
    "memorysetup-profiler-bucket-allocator-bucket-count=8"
    "memorysetup-profiler-bucket-allocator-block-size=33554432"
    "memorysetup-profiler-bucket-allocator-block-count=8"
    "memorysetup-profiler-allocator-block-size=16777216"
    "memorysetup-profiler-editor-allocator-block-size=1048576"
    "memorysetup-temp-allocator-size-main=16777216"
    "memorysetup-job-temp-allocator-block-size=2097152"
    "memorysetup-job-temp-allocator-block-size-background=1048576"
    "memorysetup-job-temp-allocator-reduction-small-platforms=262144"
    "memorysetup-temp-allocator-size-background-worker=32768"
    "memorysetup-temp-allocator-size-job-worker=262144"
    "memorysetup-temp-allocator-size-preload-manager=33554432"
    "memorysetup-temp-allocator-size-nav-mesh-worker=65536"
    "memorysetup-temp-allocator-size-audio-worker=65536"
    "memorysetup-temp-allocator-size-cloud-worker=32768"
    "memorysetup-temp-allocator-size-gi-baking-worker=262144"
    "memorysetup-temp-allocator-size-gfx=262144"
Player connection [7897079488] Host "[IP] 10.0.0.7 [Port] 0 [Flags] 2 [Guid] 4052583385 [EditorId] 4052583385 [Version] 1048832 [Id] OSXEditor(0,Zhes-MacBook-Air.local) [Debug] 1 [PackageName] OSXEditor [ProjectName] Editor" joined multi-casting on [225.0.0.222:54997]...

Player connection [7897079488] Host "[IP] 10.0.0.7 [Port] 0 [Flags] 2 [Guid] 4052583385 [EditorId] 4052583385 [Version] 1048832 [Id] OSXEditor(0,Zhes-MacBook-Air.local) [Debug] 1 [PackageName] OSXEditor [ProjectName] Editor" joined alternative multi-casting on [225.0.0.222:34997]...

Default GameObject Tag: point already registered
Default GameObject Tag: boss already registered
Default GameObject BitMask: boss already registered
Refreshing native plugins compatible for Editor in 31.72 ms, found 2 plugins.
Preloading 0 native plugins for Editor in 0.00 ms.
Initialize engine version: 2021.3.16f1 (4016570cf34f)
[Subsystems] Discovering subsystems at path /Applications/Unity/Hub/Editor/2021.3.16f1/Unity.app/Contents/Resources/UnitySubsystems
[Subsystems] Discovering subsystems at path /Users/zhezhao/Documents/gamjam2024/UDEMYGameTutorial/Assets
GfxDevice: creating device client; threaded=0; jobified=0
 preferred device: Apple M2 (high power)
Metal devices available: 1
0: Apple M2 (high power)
Using device Apple M2 (high power)
Initializing Metal device caps: Apple M2
Initialize mono
Mono path[0] = '/Applications/Unity/Hub/Editor/2021.3.16f1/Unity.app/Contents/Managed'
Mono path[1] = '/Applications/Unity/Hub/Editor/2021.3.16f1/Unity.app/Contents/MonoBleedingEdge/lib/mono/unityjit-macos'
Mono config path = '/Applications/Unity/Hub/Editor/2021.3.16f1/Unity.app/Contents/MonoBleedingEdge/etc'
Using monoOptions --debugger-agent=transport=dt_socket,embedding=1,server=y,suspend=n,address=127.0.0.1:56636
Begin MonoManager ReloadAssembly
Registering precompiled unity dll's ...
Register platform support module: /Applications/Unity/Hub/Editor/2021.3.16f1/Unity.app/Contents/PlaybackEngines/MacStandaloneSupport/UnityEditor.OSXStandalone.Extensions.dll
Registered in 0.000997 seconds.
Native extension for OSXStandalone target not found
Refreshing native plugins compatible for Editor in 28.42 ms, found 2 plugins.
Preloading 0 native plugins for Editor in 0.00 ms.
Mono: successfully reloaded assembly
- Completed reload, in  0.393 seconds
Domain Reload Profiling:
	ReloadAssembly (394ms)
		BeginReloadAssembly (73ms)
			ExecutionOrderSort (0ms)
			DisableScriptedObjects (0ms)
			BackupInstance (0ms)
			ReleaseScriptingObjects (0ms)
			CreateAndSetChildDomain (1ms)
		EndReloadAssembly (254ms)
			LoadAssemblies (73ms)
			RebuildTransferFunctionScriptingTraits (0ms)
			SetupTypeCache (70ms)
			ReleaseScriptCaches (0ms)
			RebuildScriptCaches (18ms)
			SetupLoadedEditorAssemblies (139ms)
				LogAssemblyErrors (0ms)
				InitializePlatformSupportModulesInManaged (3ms)
				SetLoadedEditorAssemblies (0ms)
				RefreshPlugins (28ms)
				BeforeProcessingInitializeOnLoad (1ms)
				ProcessInitializeOnLoadAttributes (82ms)
				ProcessInitializeOnLoadMethodAttributes (25ms)
				AfterProcessingInitializeOnLoad (0ms)
				EditorAssembliesLoaded (0ms)
			ExecutionOrderSort2 (0ms)
			AwakeInstancesAfterBackupRestoration (0ms)
Platform modules already initialized, skipping
Registering precompiled user dll's ...
Registered in 0.003979 seconds.
Begin MonoManager ReloadAssembly
Native extension for OSXStandalone target not found
Refreshing native plugins compatible for Editor in 0.37 ms, found 2 plugins.
Preloading 0 native plugins for Editor in 0.00 ms.
Mono: successfully reloaded assembly
- Completed reload, in  0.564 seconds
Domain Reload Profiling:
	ReloadAssembly (565ms)
		BeginReloadAssembly (51ms)
			ExecutionOrderSort (0ms)
			DisableScriptedObjects (3ms)
			BackupInstance (0ms)
			ReleaseScriptingObjects (0ms)
			CreateAndSetChildDomain (14ms)
		EndReloadAssembly (450ms)
			LoadAssemblies (45ms)
			RebuildTransferFunctionScriptingTraits (0ms)
			SetupTypeCache (119ms)
			ReleaseScriptCaches (0ms)
			RebuildScriptCaches (29ms)
			SetupLoadedEditorAssemblies (232ms)
				LogAssemblyErrors (0ms)
				InitializePlatformSupportModulesInManaged (2ms)
				SetLoadedEditorAssemblies (0ms)
				RefreshPlugins (0ms)
				BeforeProcessingInitializeOnLoad (34ms)
				ProcessInitializeOnLoadAttributes (123ms)
				ProcessInitializeOnLoadMethodAttributes (71ms)
				AfterProcessingInitializeOnLoad (1ms)
				EditorAssembliesLoaded (0ms)
			ExecutionOrderSort2 (0ms)
			AwakeInstancesAfterBackupRestoration (2ms)
Platform modules already initialized, skipping
========================================================================
Worker process is ready to serve import requests
Default GameObject Tag: point already registered
Default GameObject Tag: boss already registered
Default GameObject BitMask: boss already registered
Launching external process: /Applications/Unity/Hub/Editor/2021.3.16f1/Unity.app/Contents/Tools/UnityShaderCompiler
Launched and connected shader compiler UnityShaderCompiler after 0.05 seconds
Refreshing native plugins compatible for Editor in 0.40 ms, found 2 plugins.
Preloading 0 native plugins for Editor in 0.00 ms.
Unloading 2470 Unused Serialized files (Serialized files now loaded: 0)
Unloading 57 unused Assets / (361.4 KB). Loaded Objects now: 2908.
Memory consumption went from 96.6 MB to 96.3 MB.
Total: 7.343208 ms (FindLiveObjects: 0.125416 ms CreateObjectMapping: 0.050334 ms MarkObjects: 7.025250 ms  DeleteObjects: 0.141458 ms)

AssetImportParameters requested are different than current active one (requested -> active):
  custom:video-decoder-ogg-theora: a1e56fd34408186e4bbccfd4996cb3dc -> 
  custom:container-muxer-webm: aa71ff27fc2769a1b78a27578f13a17b -> 
  custom:container-demuxer-webm: 4f35f7cbe854078d1ac9338744f61a02 -> 
  custom:video-encoder-webm-vp8: eb34c28f22e8b96e1ab97ce403110664 -> 
  custom:framework-osx-AVFoundation: e770b220cccbd017edd2c1fefb359320 -> 
  custom:audio-encoder-webm-vorbis: bf7c407c2cedff20999df2af8eb42d56 -> 
  custom:container-demuxer-ogg: 62fdf1f143b41e24485cea50d1cbac27 -> 
  custom:video-decoder-webm-vp8: 9c59270c3fd7afecdb556c50c9e8de78 -> 
  custom:audio-decoder-ogg-vorbis: bf7c407c2cedff20999df2af8eb42d56 -> 
========================================================================
Received Prepare
Default GameObject Tag: point already registered
Default GameObject Tag: boss already registered
Default GameObject BitMask: boss already registered
Registering precompiled user dll's ...
Registered in 0.000831 seconds.
Begin MonoManager ReloadAssembly
Thread 0x17e99f000 may have been prematurely finalized
Native extension for OSXStandalone target not found
Refreshing native plugins compatible for Editor in 0.42 ms, found 2 plugins.
Preloading 0 native plugins for Editor in 0.00 ms.
Mono: successfully reloaded assembly
- Completed reload, in  0.602 seconds
Domain Reload Profiling:
	ReloadAssembly (605ms)
		BeginReloadAssembly (91ms)
			ExecutionOrderSort (0ms)
			DisableScriptedObjects (10ms)
			BackupInstance (0ms)
			ReleaseScriptingObjects (0ms)
			CreateAndSetChildDomain (35ms)
		EndReloadAssembly (456ms)
			LoadAssemblies (30ms)
			RebuildTransferFunctionScriptingTraits (0ms)
			SetupTypeCache (124ms)
			ReleaseScriptCaches (1ms)
			RebuildScriptCaches (27ms)
			SetupLoadedEditorAssemblies (245ms)
				LogAssemblyErrors (0ms)
				InitializePlatformSupportModulesInManaged (5ms)
				SetLoadedEditorAssemblies (0ms)
				RefreshPlugins (0ms)
				BeforeProcessingInitializeOnLoad (32ms)
				ProcessInitializeOnLoadAttributes (126ms)
				ProcessInitializeOnLoadMethodAttributes (81ms)
				AfterProcessingInitializeOnLoad (1ms)
				EditorAssembliesLoaded (0ms)
			ExecutionOrderSort2 (0ms)
			AwakeInstancesAfterBackupRestoration (3ms)
Platform modules already initialized, skipping
Refreshing native plugins compatible for Editor in 1.39 ms, found 2 plugins.
Preloading 0 native plugins for Editor in 0.00 ms.
Unloading 2431 Unused Serialized files (Serialized files now loaded: 0)
Unloading 46 unused Assets / (341.1 KB). Loaded Objects now: 2911.
Memory consumption went from 93.0 MB to 92.6 MB.
Total: 6.187916 ms (FindLiveObjects: 0.112750 ms CreateObjectMapping: 0.042833 ms MarkObjects: 5.902125 ms  DeleteObjects: 0.129666 ms)

AssetImportParameters requested are different than current active one (requested -> active):
  custom:video-decoder-ogg-theora: a1e56fd34408186e4bbccfd4996cb3dc -> 
  custom:container-muxer-webm: aa71ff27fc2769a1b78a27578f13a17b -> 
  custom:container-demuxer-webm: 4f35f7cbe854078d1ac9338744f61a02 -> 
  custom:video-encoder-webm-vp8: eb34c28f22e8b96e1ab97ce403110664 -> 
  custom:framework-osx-AVFoundation: e770b220cccbd017edd2c1fefb359320 -> 
  custom:audio-encoder-webm-vorbis: bf7c407c2cedff20999df2af8eb42d56 -> 
  custom:container-demuxer-ogg: 62fdf1f143b41e24485cea50d1cbac27 -> 
  custom:video-decoder-webm-vp8: 9c59270c3fd7afecdb556c50c9e8de78 -> 
  custom:audio-decoder-ogg-vorbis: bf7c407c2cedff20999df2af8eb42d56 -> 
========================================================================
Received Import Request.
  Time since last request: 186203.933638 seconds.
  path: Assets/Scenes/Game-tyler.unity
  artifactKey: Guid(2cda990e2423bbf4892e6590ba056729) Importer(815301076,1909f56bfc062723c751e8b465ee728b)
Start importing Assets/Scenes/Game-tyler.unity using Guid(2cda990e2423bbf4892e6590ba056729) Importer(815301076,1909f56bfc062723c751e8b465ee728b)  -> (artifact id: 'e1093983411342a2dc6bd37d95d669ba') in 0.025406 seconds 
========================================================================
Received Import Request.
  Time since last request: 10.975888 seconds.
  path: Assets/Scenes/Game-tyler 1.unity
  artifactKey: Guid(2e484ce409c6845e4b2155cbd0238b2e) Importer(815301076,1909f56bfc062723c751e8b465ee728b)
Start importing Assets/Scenes/Game-tyler 1.unity using Guid(2e484ce409c6845e4b2155cbd0238b2e) Importer(815301076,1909f56bfc062723c751e8b465ee728b)  -> (artifact id: '9a1bd16ccda6975abb7ad4b7e8478651') in 0.000713 seconds 
========================================================================
Received Import Request.
  Time since last request: 11.447809 seconds.
  path: Assets/Scenes/Game-emma.unity
  artifactKey: Guid(2e484ce409c6845e4b2155cbd0238b2e) Importer(815301076,1909f56bfc062723c751e8b465ee728b)
Start importing Assets/Scenes/Game-emma.unity using Guid(2e484ce409c6845e4b2155cbd0238b2e) Importer(815301076,1909f56bfc062723c751e8b465ee728b)  -> (artifact id: '6c014cf3fdf625f5a93cd0f96672056d') in 0.001508 seconds 
========================================================================
Received Import Request.
  Time since last request: 26.664130 seconds.
  path: Assets/Prefabs/Blood.prefab
  artifactKey: Guid(daef58cac17b1cc4a81e69c7b48e1c1a) Importer(815301076,1909f56bfc062723c751e8b465ee728b)
Start importing Assets/Prefabs/Blood.prefab using Guid(daef58cac17b1cc4a81e69c7b48e1c1a) Importer(815301076,1909f56bfc062723c751e8b465ee728b)  -> (artifact id: 'fc75b8c28de11eff8ecb149691717a1e') in 0.177095 seconds 
========================================================================
Received Import Request.
  Time since last request: 0.000040 seconds.
  path: Assets/Prefabs/HurtSound.prefab
  artifactKey: Guid(f3f0b8fed07b4430f8eb299a7ec04687) Importer(815301076,1909f56bfc062723c751e8b465ee728b)
Start importing Assets/Prefabs/HurtSound.prefab using Guid(f3f0b8fed07b4430f8eb299a7ec04687) Importer(815301076,1909f56bfc062723c751e8b465ee728b)  -> (artifact id: '720782f5240f3f5e30138db19399c8de') in 0.002341 seconds 
========================================================================
Received Import Request.
  Time since last request: 0.000023 seconds.
  path: Assets/Prefabs/MeleeEnemy.prefab
  artifactKey: Guid(82b1649d54f1b5d4fbadf8202a680d0a) Importer(815301076,1909f56bfc062723c751e8b465ee728b)
Start importing Assets/Prefabs/MeleeEnemy.prefab using Guid(82b1649d54f1b5d4fbadf8202a680d0a) Importer(815301076,1909f56bfc062723c751e8b465ee728b)  -> (artifact id: '901143541bc53693736c5505e42343f9') in 0.046665 seconds 
========================================================================
Received Import Request.
  Time since last request: 0.000056 seconds.
  path: Assets/Prefabs/Level Up Interface.prefab
  artifactKey: Guid(842594e0bca797546b011acfda85dbb3) Importer(815301076,1909f56bfc062723c751e8b465ee728b)
Start importing Assets/Prefabs/Level Up Interface.prefab using Guid(842594e0bca797546b011acfda85dbb3) Importer(815301076,1909f56bfc062723c751e8b465ee728b)  -> (artifact id: 'af5966cde79a1d53f78759772abbee32') in 0.037185 seconds 
========================================================================
Received Import Request.
  Time since last request: 0.000050 seconds.
  path: Assets/Prefabs/Weapon 4.prefab
  artifactKey: Guid(64c097b19a1e15444a3c6b44eb53549b) Importer(815301076,1909f56bfc062723c751e8b465ee728b)
Start importing Assets/Prefabs/Weapon 4.prefab using Guid(64c097b19a1e15444a3c6b44eb53549b) Importer(815301076,1909f56bfc062723c751e8b465ee728b)  -> (artifact id: 'e41a880eb1bf81fb3400f584ebeadcfe') in 0.008046 seconds 
========================================================================
Received Import Request.
  Time since last request: 0.000057 seconds.
  path: Assets/Prefabs/Pickup 4.prefab
  artifactKey: Guid(5d4a49eccc8003c4c93923e5eb6eaac6) Importer(815301076,1909f56bfc062723c751e8b465ee728b)
Start importing Assets/Prefabs/Pickup 4.prefab using Guid(5d4a49eccc8003c4c93923e5eb6eaac6) Importer(815301076,1909f56bfc062723c751e8b465ee728b)  -> (artifact id: '6033ba5ecc22e08dc48e3fa10c8ffec7') in 0.011492 seconds 
========================================================================
Received Import Request.
  Time since last request: 0.000030 seconds.
  path: Assets/Prefabs/Projectile 4.prefab
  artifactKey: Guid(d17224273d9b3e94c9b8f4e2f2a75ca6) Importer(815301076,1909f56bfc062723c751e8b465ee728b)
Start importing Assets/Prefabs/Projectile 4.prefab using Guid(d17224273d9b3e94c9b8f4e2f2a75ca6) Importer(815301076,1909f56bfc062723c751e8b465ee728b)  -> (artifact id: '2d38d68e4f4c55fa6543ad9591d10426') in 0.010641 seconds 
========================================================================
Received Import Request.
  Time since last request: 0.000091 seconds.
  path: Assets/Prefabs/HurtSound 1.prefab
  artifactKey: Guid(d5e024d9e6c3f584b98ca09a9dc862aa) Importer(815301076,1909f56bfc062723c751e8b465ee728b)
Start importing Assets/Prefabs/HurtSound 1.prefab using Guid(d5e024d9e6c3f584b98ca09a9dc862aa) Importer(815301076,1909f56bfc062723c751e8b465ee728b)  -> (artifact id: 'bdf1704d3b83c226016feb95b6f4a8ff') in 0.003246 seconds 
========================================================================
Received Import Request.
  Time since last request: 0.000063 seconds.
  path: Assets/Prefabs/Enemy Death Effect.prefab
  artifactKey: Guid(5388910d10e236b45bf87b9cd57bfce5) Importer(815301076,1909f56bfc062723c751e8b465ee728b)
Start importing Assets/Prefabs/Enemy Death Effect.prefab using Guid(5388910d10e236b45bf87b9cd57bfce5) Importer(815301076,1909f56bfc062723c751e8b465ee728b)  -> (artifact id: 'ef76a594290f6565889faceffd1cc2c6') in 0.007008 seconds 
========================================================================
Received Import Request.
  Time since last request: 0.000275 seconds.
  path: Assets/Prefabs/Pickup Effect.prefab
  artifactKey: Guid(68ff76b9e3f02494381663791f87f5c3) Importer(815301076,1909f56bfc062723c751e8b465ee728b)
Start importing Assets/Prefabs/Pickup Effect.prefab using Guid(68ff76b9e3f02494381663791f87f5c3) Importer(815301076,1909f56bfc062723c751e8b465ee728b)  -> (artifact id: '6582c4f23f3dd6f510336f5384f74f01') in 0.010206 seconds 
========================================================================
Received Import Request.
  Time since last request: 0.001079 seconds.
  path: Assets/Prefabs/Ranged Enemy.prefab
  artifactKey: Guid(fcf9430deeb1f4d56b5fa93461cce203) Importer(815301076,1909f56bfc062723c751e8b465ee728b)
Start importing Assets/Prefabs/Ranged Enemy.prefab using Guid(fcf9430deeb1f4d56b5fa93461cce203) Importer(815301076,1909f56bfc062723c751e8b465ee728b)  -> (artifact id: '5cb5fd3142a303cc8d3871cee1b83750') in 0.042917 seconds 
========================================================================
Received Import Request.
  Time since last request: 0.000055 seconds.
  path: Assets/Prefabs/Weapon 3.prefab
  artifactKey: Guid(0358b400398ce1544bf62543c3c30885) Importer(815301076,1909f56bfc062723c751e8b465ee728b)
Start importing Assets/Prefabs/Weapon 3.prefab using Guid(0358b400398ce1544bf62543c3c30885) Importer(815301076,1909f56bfc062723c751e8b465ee728b)  -> (artifact id: '69153a6a78cb4e89fb5f73551a2d1d21') in 0.012527 seconds 
========================================================================
Received Import Request.
  Time since last request: 0.000063 seconds.
  path: Assets/Prefabs/Pickup 3.prefab
  artifactKey: Guid(eb97c0d87a995864d89510bbf55a7a5a) Importer(815301076,1909f56bfc062723c751e8b465ee728b)
Start importing Assets/Prefabs/Pickup 3.prefab using Guid(eb97c0d87a995864d89510bbf55a7a5a) Importer(815301076,1909f56bfc062723c751e8b465ee728b)  -> (artifact id: 'bebc2393e65683bac1fe77ae15d38cc6') in 0.011129 seconds 
========================================================================
Received Import Request.
  Time since last request: 0.000072 seconds.
  path: Assets/Prefabs/Pickup 2.prefab
  artifactKey: Guid(817b9267575bc7240b0b6454738d035c) Importer(815301076,1909f56bfc062723c751e8b465ee728b)
Start importing Assets/Prefabs/Pickup 2.prefab using Guid(817b9267575bc7240b0b6454738d035c) Importer(815301076,1909f56bfc062723c751e8b465ee728b)  -> (artifact id: '1a78e7893e0cb094f17880af8ff45bdd') in 0.012692 seconds 
========================================================================
Received Import Request.
  Time since last request: 0.000078 seconds.
  path: Assets/Prefabs/ExperiencePickup.prefab
  artifactKey: Guid(437d52c157785418da01cba62ed13640) Importer(815301076,1909f56bfc062723c751e8b465ee728b)
Start importing Assets/Prefabs/ExperiencePickup.prefab using Guid(437d52c157785418da01cba62ed13640) Importer(815301076,1909f56bfc062723c751e8b465ee728b)  -> (artifact id: '0356d1834fc232cc7906360994c0d5a5') in 0.011584 seconds 
========================================================================
Received Import Request.
  Time since last request: 0.756204 seconds.
  path: Assets/Prefabs/weapons
  artifactKey: Guid(ffab1c8c4ebf83d42882c05bbd1eb0bf) Importer(815301076,1909f56bfc062723c751e8b465ee728b)
Start importing Assets/Prefabs/weapons using Guid(ffab1c8c4ebf83d42882c05bbd1eb0bf) Importer(815301076,1909f56bfc062723c751e8b465ee728b)  -> (artifact id: '61fb1e00ef1e8fd0b6c307311e963eb4') in 0.001720 seconds 
========================================================================
Received Import Request.
  Time since last request: 0.117284 seconds.
  path: Assets/Prefabs/weapons/Oribiting Fireball.prefab
  artifactKey: Guid(d37b84b63b69e0f41831686de9943b3e) Importer(815301076,1909f56bfc062723c751e8b465ee728b)
Start importing Assets/Prefabs/weapons/Oribiting Fireball.prefab using Guid(d37b84b63b69e0f41831686de9943b3e) Importer(815301076,1909f56bfc062723c751e8b465ee728b)  -> (artifact id: 'dfee86ed6d493bd569cd27e92c0854af') in 0.006822 seconds 
Editor requested this worker to shutdown with reason: Scaling down because of idle timeout
AssetImportWorker is now disconnected from the server
Process exiting
