Unity Editor version:    2021.3.16f1 (4016570cf34f)
Branch:                  2021.3/evg/staging/82bb020e-b03b1330/draft-0
Build type:              Release
Batch mode:              YES
macOS version:           Version 14.1.2 (Build 23B92)
Darwin version:          23.1.0
Architecture:            arm64
Running under Rosetta:   NO
Available memory:        8192 MB
Using pre-set license
Pro License: YES

COMMAND LINE ARGUMENTS:
/Applications/Unity/Hub/Editor/2021.3.16f1/Unity.app/Contents/MacOS/Unity
-adb2
-batchMode
-noUpm
-name
AssetImportWorker1
-projectPath
/Users/zhezhao/Documents/gamjam2024/UDEMYGameTutorial
-logFile
Logs/AssetImportWorker1.log
-srvPort
58686
Successfully changed project path to: /Users/zhezhao/Documents/gamjam2024/UDEMYGameTutorial
/Users/zhezhao/Documents/gamjam2024/UDEMYGameTutorial
[UnityMemory] Configuration Parameters - Can be set up in boot.config
    "memorysetup-bucket-allocator-granularity=16"
    "memorysetup-bucket-allocator-bucket-count=8"
    "memorysetup-bucket-allocator-block-size=33554432"
    "memorysetup-bucket-allocator-block-count=8"
    "memorysetup-main-allocator-block-size=16777216"
    "memorysetup-thread-allocator-block-size=16777216"
    "memorysetup-gfx-main-allocator-block-size=16777216"
    "memorysetup-gfx-thread-allocator-block-size=16777216"
    "memorysetup-cache-allocator-block-size=4194304"
    "memorysetup-typetree-allocator-block-size=2097152"
    "memorysetup-profiler-bucket-allocator-granularity=16"
    "memorysetup-profiler-bucket-allocator-bucket-count=8"
    "memorysetup-profiler-bucket-allocator-block-size=33554432"
    "memorysetup-profiler-bucket-allocator-block-count=8"
    "memorysetup-profiler-allocator-block-size=16777216"
    "memorysetup-profiler-editor-allocator-block-size=1048576"
    "memorysetup-temp-allocator-size-main=16777216"
    "memorysetup-job-temp-allocator-block-size=2097152"
    "memorysetup-job-temp-allocator-block-size-background=1048576"
    "memorysetup-job-temp-allocator-reduction-small-platforms=262144"
    "memorysetup-temp-allocator-size-background-worker=32768"
    "memorysetup-temp-allocator-size-job-worker=262144"
    "memorysetup-temp-allocator-size-preload-manager=33554432"
    "memorysetup-temp-allocator-size-nav-mesh-worker=65536"
    "memorysetup-temp-allocator-size-audio-worker=65536"
    "memorysetup-temp-allocator-size-cloud-worker=32768"
    "memorysetup-temp-allocator-size-gi-baking-worker=262144"
    "memorysetup-temp-allocator-size-gfx=262144"
Player connection [7897079488] Host "[IP] 10.0.0.7 [Port] 0 [Flags] 2 [Guid] 3385921762 [EditorId] 3385921762 [Version] 1048832 [Id] OSXEditor(0,Zhes-MacBook-Air.local) [Debug] 1 [PackageName] OSXEditor [ProjectName] Editor" joined multi-casting on [225.0.0.222:54997]...

Player connection [7897079488] Host "[IP] 10.0.0.7 [Port] 0 [Flags] 2 [Guid] 3385921762 [EditorId] 3385921762 [Version] 1048832 [Id] OSXEditor(0,Zhes-MacBook-Air.local) [Debug] 1 [PackageName] OSXEditor [ProjectName] Editor" joined alternative multi-casting on [225.0.0.222:34997]...

Default GameObject Tag: point already registered
Default GameObject Tag: boss already registered
Default GameObject BitMask: boss already registered
Refreshing native plugins compatible for Editor in 31.72 ms, found 2 plugins.
Preloading 0 native plugins for Editor in 0.00 ms.
Initialize engine version: 2021.3.16f1 (4016570cf34f)
[Subsystems] Discovering subsystems at path /Applications/Unity/Hub/Editor/2021.3.16f1/Unity.app/Contents/Resources/UnitySubsystems
[Subsystems] Discovering subsystems at path /Users/zhezhao/Documents/gamjam2024/UDEMYGameTutorial/Assets
GfxDevice: creating device client; threaded=0; jobified=0
 preferred device: Apple M2 (high power)
Metal devices available: 1
0: Apple M2 (high power)
Using device Apple M2 (high power)
Initializing Metal device caps: Apple M2
Initialize mono
Mono path[0] = '/Applications/Unity/Hub/Editor/2021.3.16f1/Unity.app/Contents/Managed'
Mono path[1] = '/Applications/Unity/Hub/Editor/2021.3.16f1/Unity.app/Contents/MonoBleedingEdge/lib/mono/unityjit-macos'
Mono config path = '/Applications/Unity/Hub/Editor/2021.3.16f1/Unity.app/Contents/MonoBleedingEdge/etc'
Using monoOptions --debugger-agent=transport=dt_socket,embedding=1,server=y,suspend=n,address=127.0.0.1:56638
Begin MonoManager ReloadAssembly
Registering precompiled unity dll's ...
Register platform support module: /Applications/Unity/Hub/Editor/2021.3.16f1/Unity.app/Contents/PlaybackEngines/MacStandaloneSupport/UnityEditor.OSXStandalone.Extensions.dll
Registered in 0.001020 seconds.
Native extension for OSXStandalone target not found
Refreshing native plugins compatible for Editor in 28.11 ms, found 2 plugins.
Preloading 0 native plugins for Editor in 0.00 ms.
Mono: successfully reloaded assembly
- Completed reload, in  0.393 seconds
Domain Reload Profiling:
	ReloadAssembly (394ms)
		BeginReloadAssembly (73ms)
			ExecutionOrderSort (0ms)
			DisableScriptedObjects (0ms)
			BackupInstance (0ms)
			ReleaseScriptingObjects (0ms)
			CreateAndSetChildDomain (1ms)
		EndReloadAssembly (254ms)
			LoadAssemblies (73ms)
			RebuildTransferFunctionScriptingTraits (0ms)
			SetupTypeCache (69ms)
			ReleaseScriptCaches (0ms)
			RebuildScriptCaches (19ms)
			SetupLoadedEditorAssemblies (139ms)
				LogAssemblyErrors (0ms)
				InitializePlatformSupportModulesInManaged (3ms)
				SetLoadedEditorAssemblies (0ms)
				RefreshPlugins (28ms)
				BeforeProcessingInitializeOnLoad (1ms)
				ProcessInitializeOnLoadAttributes (82ms)
				ProcessInitializeOnLoadMethodAttributes (25ms)
				AfterProcessingInitializeOnLoad (0ms)
				EditorAssembliesLoaded (0ms)
			ExecutionOrderSort2 (0ms)
			AwakeInstancesAfterBackupRestoration (0ms)
Platform modules already initialized, skipping
Registering precompiled user dll's ...
Registered in 0.003963 seconds.
Begin MonoManager ReloadAssembly
Native extension for OSXStandalone target not found
Refreshing native plugins compatible for Editor in 0.34 ms, found 2 plugins.
Preloading 0 native plugins for Editor in 0.00 ms.
Mono: successfully reloaded assembly
- Completed reload, in  0.557 seconds
Domain Reload Profiling:
	ReloadAssembly (557ms)
		BeginReloadAssembly (53ms)
			ExecutionOrderSort (0ms)
			DisableScriptedObjects (3ms)
			BackupInstance (0ms)
			ReleaseScriptingObjects (0ms)
			CreateAndSetChildDomain (16ms)
		EndReloadAssembly (442ms)
			LoadAssemblies (39ms)
			RebuildTransferFunctionScriptingTraits (0ms)
			SetupTypeCache (120ms)
			ReleaseScriptCaches (0ms)
			RebuildScriptCaches (30ms)
			SetupLoadedEditorAssemblies (230ms)
				LogAssemblyErrors (0ms)
				InitializePlatformSupportModulesInManaged (2ms)
				SetLoadedEditorAssemblies (0ms)
				RefreshPlugins (0ms)
				BeforeProcessingInitializeOnLoad (33ms)
				ProcessInitializeOnLoadAttributes (123ms)
				ProcessInitializeOnLoadMethodAttributes (70ms)
				AfterProcessingInitializeOnLoad (1ms)
				EditorAssembliesLoaded (0ms)
			ExecutionOrderSort2 (0ms)
			AwakeInstancesAfterBackupRestoration (2ms)
Platform modules already initialized, skipping
========================================================================
Worker process is ready to serve import requests
Default GameObject Tag: point already registered
Default GameObject Tag: boss already registered
Default GameObject BitMask: boss already registered
Launching external process: /Applications/Unity/Hub/Editor/2021.3.16f1/Unity.app/Contents/Tools/UnityShaderCompiler
Launched and connected shader compiler UnityShaderCompiler after 0.05 seconds
Refreshing native plugins compatible for Editor in 0.41 ms, found 2 plugins.
Preloading 0 native plugins for Editor in 0.00 ms.
Unloading 2470 Unused Serialized files (Serialized files now loaded: 0)
Unloading 57 unused Assets / (361.4 KB). Loaded Objects now: 2908.
Memory consumption went from 96.7 MB to 96.3 MB.
Total: 5.901833 ms (FindLiveObjects: 0.145708 ms CreateObjectMapping: 0.073292 ms MarkObjects: 5.533208 ms  DeleteObjects: 0.148667 ms)

AssetImportParameters requested are different than current active one (requested -> active):
  custom:video-decoder-ogg-theora: a1e56fd34408186e4bbccfd4996cb3dc -> 
  custom:container-muxer-webm: aa71ff27fc2769a1b78a27578f13a17b -> 
  custom:container-demuxer-webm: 4f35f7cbe854078d1ac9338744f61a02 -> 
  custom:video-encoder-webm-vp8: eb34c28f22e8b96e1ab97ce403110664 -> 
  custom:framework-osx-AVFoundation: e770b220cccbd017edd2c1fefb359320 -> 
  custom:audio-encoder-webm-vorbis: bf7c407c2cedff20999df2af8eb42d56 -> 
  custom:container-demuxer-ogg: 62fdf1f143b41e24485cea50d1cbac27 -> 
  custom:video-decoder-webm-vp8: 9c59270c3fd7afecdb556c50c9e8de78 -> 
  custom:audio-decoder-ogg-vorbis: bf7c407c2cedff20999df2af8eb42d56 -> 
========================================================================
Received Import Request.
  Time since last request: 186184.473918 seconds.
  path: Assets/CC.asset
  artifactKey: Guid(056d13a17b9a7e24bae8bc3d6010b069) Importer(815301076,1909f56bfc062723c751e8b465ee728b)
Start importing Assets/CC.asset using Guid(056d13a17b9a7e24bae8bc3d6010b069) Importer(815301076,1909f56bfc062723c751e8b465ee728b)  -> (artifact id: '5c6acbf98796ce6dc0b7cdf7185bc1ff') in 0.086071 seconds 
========================================================================
Received Prepare
Default GameObject Tag: point already registered
Default GameObject Tag: boss already registered
Default GameObject BitMask: boss already registered
Registering precompiled user dll's ...
Registered in 0.000879 seconds.
Begin MonoManager ReloadAssembly
Thread 0x17e39f000 may have been prematurely finalized
Native extension for OSXStandalone target not found
Refreshing native plugins compatible for Editor in 0.43 ms, found 2 plugins.
Preloading 0 native plugins for Editor in 0.00 ms.
Mono: successfully reloaded assembly
- Completed reload, in  0.600 seconds
Domain Reload Profiling:
	ReloadAssembly (602ms)
		BeginReloadAssembly (89ms)
			ExecutionOrderSort (0ms)
			DisableScriptedObjects (8ms)
			BackupInstance (0ms)
			ReleaseScriptingObjects (0ms)
			CreateAndSetChildDomain (37ms)
		EndReloadAssembly (457ms)
			LoadAssemblies (28ms)
			RebuildTransferFunctionScriptingTraits (0ms)
			SetupTypeCache (127ms)
			ReleaseScriptCaches (1ms)
			RebuildScriptCaches (26ms)
			SetupLoadedEditorAssemblies (242ms)
				LogAssemblyErrors (0ms)
				InitializePlatformSupportModulesInManaged (5ms)
				SetLoadedEditorAssemblies (0ms)
				RefreshPlugins (0ms)
				BeforeProcessingInitializeOnLoad (32ms)
				ProcessInitializeOnLoadAttributes (122ms)
				ProcessInitializeOnLoadMethodAttributes (81ms)
				AfterProcessingInitializeOnLoad (1ms)
				EditorAssembliesLoaded (0ms)
			ExecutionOrderSort2 (0ms)
			AwakeInstancesAfterBackupRestoration (2ms)
Platform modules already initialized, skipping
Refreshing native plugins compatible for Editor in 1.39 ms, found 2 plugins.
Preloading 0 native plugins for Editor in 0.00 ms.
Unloading 2431 Unused Serialized files (Serialized files now loaded: 0)
Unloading 46 unused Assets / (341.0 KB). Loaded Objects now: 2912.
Memory consumption went from 97.1 MB to 96.8 MB.
Total: 5.762750 ms (FindLiveObjects: 0.089333 ms CreateObjectMapping: 0.035917 ms MarkObjects: 5.483458 ms  DeleteObjects: 0.153542 ms)

AssetImportParameters requested are different than current active one (requested -> active):
  custom:video-decoder-ogg-theora: a1e56fd34408186e4bbccfd4996cb3dc -> 
  custom:container-muxer-webm: aa71ff27fc2769a1b78a27578f13a17b -> 
  custom:container-demuxer-webm: 4f35f7cbe854078d1ac9338744f61a02 -> 
  custom:video-encoder-webm-vp8: eb34c28f22e8b96e1ab97ce403110664 -> 
  custom:framework-osx-AVFoundation: e770b220cccbd017edd2c1fefb359320 -> 
  custom:audio-encoder-webm-vorbis: bf7c407c2cedff20999df2af8eb42d56 -> 
  custom:container-demuxer-ogg: 62fdf1f143b41e24485cea50d1cbac27 -> 
  custom:video-decoder-webm-vp8: 9c59270c3fd7afecdb556c50c9e8de78 -> 
  custom:audio-decoder-ogg-vorbis: bf7c407c2cedff20999df2af8eb42d56 -> 
========================================================================
Received Import Request.
  Time since last request: 68.541952 seconds.
  path: Assets/Prefabs/Boss Death Effect.prefab
  artifactKey: Guid(7fa79b5fc4483ec4a8130e532057d8cf) Importer(815301076,1909f56bfc062723c751e8b465ee728b)
Start importing Assets/Prefabs/Boss Death Effect.prefab using Guid(7fa79b5fc4483ec4a8130e532057d8cf) Importer(815301076,1909f56bfc062723c751e8b465ee728b)  -> (artifact id: 'ce4e31d7d3f24b011719a7956310fcd0') in 0.173592 seconds 
========================================================================
Received Import Request.
  Time since last request: 0.000058 seconds.
  path: Assets/Prefabs/Projectile 3.prefab
  artifactKey: Guid(c6dccce234c4cb548a58a2e717f45282) Importer(815301076,1909f56bfc062723c751e8b465ee728b)
Start importing Assets/Prefabs/Projectile 3.prefab using Guid(c6dccce234c4cb548a58a2e717f45282) Importer(815301076,1909f56bfc062723c751e8b465ee728b)  -> (artifact id: '7cbc88efbfa9e8937740a96dc39955f6') in 0.018521 seconds 
========================================================================
Received Import Request.
  Time since last request: 0.000066 seconds.
  path: Assets/Prefabs/FireballSound.prefab
  artifactKey: Guid(ad129c5c36ab5412c8ea344ecc1a38ae) Importer(815301076,1909f56bfc062723c751e8b465ee728b)
Start importing Assets/Prefabs/FireballSound.prefab using Guid(ad129c5c36ab5412c8ea344ecc1a38ae) Importer(815301076,1909f56bfc062723c751e8b465ee728b)  -> (artifact id: 'dabe003b2d60fb98f5fd1a24d21c6698') in 0.002518 seconds 
========================================================================
Received Import Request.
  Time since last request: 0.000245 seconds.
  path: Assets/Prefabs/Projectile Explosion.prefab
  artifactKey: Guid(ebf2e4def6e62d04a99bc9ca92be4e30) Importer(815301076,1909f56bfc062723c751e8b465ee728b)
Start importing Assets/Prefabs/Projectile Explosion.prefab using Guid(ebf2e4def6e62d04a99bc9ca92be4e30) Importer(815301076,1909f56bfc062723c751e8b465ee728b)  -> (artifact id: 'e864451e2e9aa2c8fa7eb4fb84d00b00') in 0.005798 seconds 
========================================================================
Received Import Request.
  Time since last request: 0.000056 seconds.
  path: Assets/Prefabs/shadow.prefab
  artifactKey: Guid(c5cbbb097626f624088dafe2652d87be) Importer(815301076,1909f56bfc062723c751e8b465ee728b)
Start importing Assets/Prefabs/shadow.prefab using Guid(c5cbbb097626f624088dafe2652d87be) Importer(815301076,1909f56bfc062723c751e8b465ee728b)  -> (artifact id: '81a5897f7bf295b859d36f028a680308') in 0.012681 seconds 
========================================================================
Received Import Request.
  Time since last request: 0.000133 seconds.
  path: Assets/Prefabs/Projectile1.prefab
  artifactKey: Guid(d8e2ae3d639b640df8ff8eb85da612d2) Importer(815301076,1909f56bfc062723c751e8b465ee728b)
Start importing Assets/Prefabs/Projectile1.prefab using Guid(d8e2ae3d639b640df8ff8eb85da612d2) Importer(815301076,1909f56bfc062723c751e8b465ee728b)  -> (artifact id: '3ebfbd63b8222ed644b7f548640ff3aa') in 0.009109 seconds 
========================================================================
Received Import Request.
  Time since last request: 0.000112 seconds.
  path: Assets/Prefabs/Dust.prefab
  artifactKey: Guid(9ab6612fa7ad721438c3b29e76007ff1) Importer(815301076,1909f56bfc062723c751e8b465ee728b)
Start importing Assets/Prefabs/Dust.prefab using Guid(9ab6612fa7ad721438c3b29e76007ff1) Importer(815301076,1909f56bfc062723c751e8b465ee728b)  -> (artifact id: 'f6cd5fb069d5d46f8f49cf22d02bb4e0') in 0.006091 seconds 
========================================================================
Received Import Request.
  Time since last request: 0.000034 seconds.
  path: Assets/Prefabs/Summoner.prefab
  artifactKey: Guid(f63ea55d6a3e94c0b95d1a6fe79f06f4) Importer(815301076,1909f56bfc062723c751e8b465ee728b)
Start importing Assets/Prefabs/Summoner.prefab using Guid(f63ea55d6a3e94c0b95d1a6fe79f06f4) Importer(815301076,1909f56bfc062723c751e8b465ee728b)  -> (artifact id: '9cd14ee0d9108c17c7e22614630c88c6') in 0.026036 seconds 
========================================================================
Received Import Request.
  Time since last request: 0.000030 seconds.
  path: Assets/Prefabs/Trail.prefab
  artifactKey: Guid(477698592e1a75144be9eabdd5b355da) Importer(815301076,1909f56bfc062723c751e8b465ee728b)
Start importing Assets/Prefabs/Trail.prefab using Guid(477698592e1a75144be9eabdd5b355da) Importer(815301076,1909f56bfc062723c751e8b465ee728b)  -> (artifact id: 'fb16c4f1bc5b6dd91a9b6c79d0884533') in 0.004464 seconds 
========================================================================
Received Import Request.
  Time since last request: 0.000050 seconds.
  path: Assets/Prefabs/Weapon 2.prefab
  artifactKey: Guid(4f28b357438106f4d8c0007aaa291fdd) Importer(815301076,1909f56bfc062723c751e8b465ee728b)
Start importing Assets/Prefabs/Weapon 2.prefab using Guid(4f28b357438106f4d8c0007aaa291fdd) Importer(815301076,1909f56bfc062723c751e8b465ee728b)  -> (artifact id: '6413358c8bf1ae7f09e824313aba39d1') in 0.010356 seconds 
========================================================================
Received Import Request.
  Time since last request: 0.000036 seconds.
  path: Assets/Prefabs/EnemyBullet.prefab
  artifactKey: Guid(02d58103157824e3f9ca92eb4503ce56) Importer(815301076,1909f56bfc062723c751e8b465ee728b)
Start importing Assets/Prefabs/EnemyBullet.prefab using Guid(02d58103157824e3f9ca92eb4503ce56) Importer(815301076,1909f56bfc062723c751e8b465ee728b)  -> (artifact id: 'd5afba73509ff602deb335c22f7bbbc5') in 0.007712 seconds 
========================================================================
Received Import Request.
  Time since last request: 0.000036 seconds.
  path: Assets/Prefabs/Minion.prefab
  artifactKey: Guid(236714f6b488a954e8db790b576f6341) Importer(815301076,1909f56bfc062723c751e8b465ee728b)
Start importing Assets/Prefabs/Minion.prefab using Guid(236714f6b488a954e8db790b576f6341) Importer(815301076,1909f56bfc062723c751e8b465ee728b)  -> (artifact id: 'efef44c24ed4ad072eacfe671546cd28') in 0.015327 seconds 
========================================================================
Received Import Request.
  Time since last request: 0.000040 seconds.
  path: Assets/Prefabs/Boss.prefab
  artifactKey: Guid(5b78be53cbde4534e978cfdcee6ad098) Importer(815301076,1909f56bfc062723c751e8b465ee728b)
Start importing Assets/Prefabs/Boss.prefab using Guid(5b78be53cbde4534e978cfdcee6ad098) Importer(815301076,1909f56bfc062723c751e8b465ee728b)  -> (artifact id: 'e8afe0212ec5f1d590bb8c4cbd4276e8') in 0.078683 seconds 
========================================================================
Received Import Request.
  Time since last request: 0.000200 seconds.
  path: Assets/Prefabs/HealthPickup.prefab
  artifactKey: Guid(99a308bc6d8d942edb43b020d4626e4e) Importer(815301076,1909f56bfc062723c751e8b465ee728b)
Start importing Assets/Prefabs/HealthPickup.prefab using Guid(99a308bc6d8d942edb43b020d4626e4e) Importer(815301076,1909f56bfc062723c751e8b465ee728b)  -> (artifact id: '73cddaec0308207a019a1e88f6a67cb4') in 0.012366 seconds 
========================================================================
Received Import Request.
  Time since last request: 0.000031 seconds.
  path: Assets/Prefabs/Pickup 1.prefab
  artifactKey: Guid(786c59be893ce8146a9d9fa9d15b8df4) Importer(815301076,1909f56bfc062723c751e8b465ee728b)
Start importing Assets/Prefabs/Pickup 1.prefab using Guid(786c59be893ce8146a9d9fa9d15b8df4) Importer(815301076,1909f56bfc062723c751e8b465ee728b)  -> (artifact id: 'cd54128ea6ca595ab0fda13393869b14') in 0.008817 seconds 
========================================================================
Received Import Request.
  Time since last request: 0.000033 seconds.
  path: Assets/Prefabs/Weapon.prefab
  artifactKey: Guid(868250a161ec34cafa116a1f0c4d069f) Importer(815301076,1909f56bfc062723c751e8b465ee728b)
Start importing Assets/Prefabs/Weapon.prefab using Guid(868250a161ec34cafa116a1f0c4d069f) Importer(815301076,1909f56bfc062723c751e8b465ee728b)  -> (artifact id: 'b61b696bfbb730b6848e25c47153af73') in 0.008787 seconds 
========================================================================
Received Import Request.
  Time since last request: 0.000069 seconds.
  path: Assets/Prefabs/Projectile 2.prefab
  artifactKey: Guid(42189de8c105be543b58569b7184d502) Importer(815301076,1909f56bfc062723c751e8b465ee728b)
Start importing Assets/Prefabs/Projectile 2.prefab using Guid(42189de8c105be543b58569b7184d502) Importer(815301076,1909f56bfc062723c751e8b465ee728b)  -> (artifact id: '05ce08024f73f028197f9c857a20985e') in 0.013937 seconds 
Editor requested this worker to shutdown with reason: Scaling down because of idle timeout
AssetImportWorker is now disconnected from the server
Process exiting
